INFO:werkzeug: * Running on http://127.0.0.1:5000 (Press CTRL+C to quit)
INFO:werkzeug:127.0.0.1 - - [23/Jul/2022 09:50:11] "GET / HTTP/1.1" 200 -
INFO:werkzeug:127.0.0.1 - - [23/Jul/2022 09:50:11] "[36mGET /static/style.css HTTP/1.1[0m" 304 -
INFO:root:–í—ã–ø–æ–ª–Ω—è—é –ø–æ–∏—Å–∫
INFO:werkzeug:127.0.0.1 - - [23/Jul/2022 09:50:14] "GET /search?s= HTTP/1.1" 200 -
INFO:werkzeug:127.0.0.1 - - [23/Jul/2022 09:50:14] "[36mGET /static/style.css HTTP/1.1[0m" 304 -
INFO:werkzeug:127.0.0.1 - - [23/Jul/2022 09:50:14] "[36mGET /uploads/images/–ë–µ–∑—ã–º—è–Ω–Ω—ã–π.png HTTP/1.1[0m" 304 -
INFO:werkzeug:127.0.0.1 - - [23/Jul/2022 09:50:14] "[36mGET /uploads/images/image_2022-06-14_18-03-21.png HTTP/1.1[0m" 304 -
INFO:werkzeug:127.0.0.1 - - [23/Jul/2022 09:50:14] "[36mGET /uploads/images/ff6075b372d0cd2b92acaea88b60ae11.jpg HTTP/1.1[0m" 304 -
INFO:werkzeug: * Running on http://127.0.0.1:5000 (Press CTRL+C to quit)
INFO:werkzeug:127.0.0.1 - - [23/Jul/2022 10:21:23] "GET / HTTP/1.1" 200 -
INFO:werkzeug:127.0.0.1 - - [23/Jul/2022 10:21:23] "[36mGET /static/style.css HTTP/1.1[0m" 304 -
INFO:root:–í—ã–ø–æ–ª–Ω—è—é –ø–æ–∏—Å–∫
ERROR:root:–§–∞–π–ª –Ω–µ –Ω–∞–π–¥–µ–Ω
INFO:werkzeug:127.0.0.1 - - [23/Jul/2022 10:21:25] "GET /search?s= HTTP/1.1" 200 -
INFO:root:–í—ã–ø–æ–ª–Ω—è—é –ø–æ–∏—Å–∫
ERROR:root:–§–∞–π–ª –Ω–µ –Ω–∞–π–¥–µ–Ω
INFO:werkzeug:127.0.0.1 - - [23/Jul/2022 10:21:28] "GET /search?s= HTTP/1.1" 200 -
INFO:werkzeug: * Running on http://127.0.0.1:5000 (Press CTRL+C to quit)
INFO:werkzeug:127.0.0.1 - - [23/Jul/2022 10:25:11] "GET / HTTP/1.1" 200 -
INFO:werkzeug:127.0.0.1 - - [23/Jul/2022 10:25:11] "[36mGET /static/style.css HTTP/1.1[0m" 304 -
INFO:root:–í—ã–ø–æ–ª–Ω—è—é –ø–æ–∏—Å–∫
INFO:werkzeug:127.0.0.1 - - [23/Jul/2022 10:25:12] "GET /search?s= HTTP/1.1" 200 -
INFO:werkzeug:127.0.0.1 - - [23/Jul/2022 10:25:12] "[36mGET /static/style.css HTTP/1.1[0m" 304 -
INFO:werkzeug:127.0.0.1 - - [23/Jul/2022 10:25:12] "[36mGET /uploads/images/image_2022-06-14_18-03-21.png HTTP/1.1[0m" 304 -
INFO:werkzeug:127.0.0.1 - - [23/Jul/2022 10:25:12] "[36mGET /uploads/images/–ë–µ–∑—ã–º—è–Ω–Ω—ã–π.png HTTP/1.1[0m" 304 -
INFO:werkzeug:127.0.0.1 - - [23/Jul/2022 10:25:12] "[36mGET /uploads/images/ff6075b372d0cd2b92acaea88b60ae11.jpg HTTP/1.1[0m" 304 -
INFO:werkzeug:127.0.0.1 - - [23/Jul/2022 10:25:13] "GET / HTTP/1.1" 200 -
INFO:werkzeug:127.0.0.1 - - [23/Jul/2022 10:25:13] "[36mGET /static/style.css HTTP/1.1[0m" 304 -
INFO:werkzeug: * Running on http://127.0.0.1:5000 (Press CTRL+C to quit)
INFO:werkzeug:127.0.0.1 - - [23/Jul/2022 10:35:22] "GET / HTTP/1.1" 200 -
INFO:werkzeug:127.0.0.1 - - [23/Jul/2022 10:35:22] "[36mGET /static/style.css HTTP/1.1[0m" 304 -
INFO:root:–í—ã–ø–æ–ª–Ω—è—é –ø–æ–∏—Å–∫ 
INFO:werkzeug:127.0.0.1 - - [23/Jul/2022 10:35:24] "GET /search?s= HTTP/1.1" 200 -
INFO:werkzeug:127.0.0.1 - - [23/Jul/2022 10:35:24] "[36mGET /static/style.css HTTP/1.1[0m" 304 -
INFO:werkzeug:127.0.0.1 - - [23/Jul/2022 10:35:24] "[36mGET /uploads/images/–ë–µ–∑—ã–º—è–Ω–Ω—ã–π.png HTTP/1.1[0m" 304 -
INFO:werkzeug:127.0.0.1 - - [23/Jul/2022 10:35:24] "[36mGET /uploads/images/image_2022-06-14_18-03-21.png HTTP/1.1[0m" 304 -
INFO:werkzeug:127.0.0.1 - - [23/Jul/2022 10:35:24] "[36mGET /uploads/images/ff6075b372d0cd2b92acaea88b60ae11.jpg HTTP/1.1[0m" 304 -
INFO:werkzeug:127.0.0.1 - - [23/Jul/2022 10:35:25] "GET / HTTP/1.1" 200 -
INFO:werkzeug:127.0.0.1 - - [23/Jul/2022 10:35:25] "[36mGET /static/style.css HTTP/1.1[0m" 304 -
INFO:werkzeug:127.0.0.1 - - [23/Jul/2022 10:35:26] "GET /post HTTP/1.1" 200 -
INFO:werkzeug:127.0.0.1 - - [23/Jul/2022 10:35:26] "[36mGET /static/style.css HTTP/1.1[0m" 304 -
INFO:werkzeug:127.0.0.1 - - [23/Jul/2022 10:35:36] "POST /post HTTP/1.1" 200 -
INFO:werkzeug: * Running on http://127.0.0.1:5000 (Press CTRL+C to quit)
INFO:werkzeug:127.0.0.1 - - [23/Jul/2022 10:36:55] "GET /post HTTP/1.1" 200 -
INFO:werkzeug:127.0.0.1 - - [23/Jul/2022 10:36:55] "[36mGET /static/style.css HTTP/1.1[0m" 304 -
INFO:werkzeug:127.0.0.1 - - [23/Jul/2022 10:36:56] "GET / HTTP/1.1" 200 -
INFO:werkzeug:127.0.0.1 - - [23/Jul/2022 10:36:56] "[36mGET /static/style.css HTTP/1.1[0m" 304 -
INFO:root:–í—ã–ø–æ–ª–Ω—è—é –ø–æ–∏—Å–∫ 
INFO:werkzeug:127.0.0.1 - - [23/Jul/2022 10:36:58] "GET /search?s= HTTP/1.1" 200 -
INFO:werkzeug:127.0.0.1 - - [23/Jul/2022 10:36:58] "[36mGET /static/style.css HTTP/1.1[0m" 304 -
INFO:werkzeug:127.0.0.1 - - [23/Jul/2022 10:36:58] "[36mGET /uploads/images/–ë–µ–∑—ã–º—è–Ω–Ω—ã–π.png HTTP/1.1[0m" 304 -
INFO:werkzeug:127.0.0.1 - - [23/Jul/2022 10:36:58] "[36mGET /uploads/images/image_2022-06-14_18-03-21.png HTTP/1.1[0m" 304 -
INFO:werkzeug:127.0.0.1 - - [23/Jul/2022 10:36:58] "[36mGET /uploads/images/ff6075b372d0cd2b92acaea88b60ae11.jpg HTTP/1.1[0m" 304 -
INFO:werkzeug:127.0.0.1 - - [23/Jul/2022 10:37:03] "GET / HTTP/1.1" 200 -
INFO:werkzeug:127.0.0.1 - - [23/Jul/2022 10:37:03] "[36mGET /static/style.css HTTP/1.1[0m" 304 -
INFO:root:–í—ã–ø–æ–ª–Ω—è—é –ø–æ–∏—Å–∫hello 
INFO:werkzeug:127.0.0.1 - - [23/Jul/2022 10:37:06] "GET /search?s=hello HTTP/1.1" 200 -
INFO:werkzeug:127.0.0.1 - - [23/Jul/2022 10:37:06] "[36mGET /static/style.css HTTP/1.1[0m" 304 -
INFO:werkzeug:127.0.0.1 - - [23/Jul/2022 10:37:06] "[36mGET /uploads/images/–ë–µ–∑—ã–º—è–Ω–Ω—ã–π.png HTTP/1.1[0m" 304 -
INFO:werkzeug:127.0.0.1 - - [23/Jul/2022 10:37:06] "[36mGET /uploads/images/image_2022-06-14_18-03-21.png HTTP/1.1[0m" 304 -
INFO:werkzeug:127.0.0.1 - - [23/Jul/2022 10:37:06] "[36mGET /uploads/images/ff6075b372d0cd2b92acaea88b60ae11.jpg HTTP/1.1[0m" 304 -
INFO:werkzeug:127.0.0.1 - - [23/Jul/2022 10:37:08] "GET / HTTP/1.1" 200 -
INFO:werkzeug:127.0.0.1 - - [23/Jul/2022 10:37:08] "[36mGET /static/style.css HTTP/1.1[0m" 304 -
INFO:werkzeug:127.0.0.1 - - [23/Jul/2022 10:37:10] "GET /post HTTP/1.1" 200 -
INFO:werkzeug:127.0.0.1 - - [23/Jul/2022 10:37:10] "[36mGET /static/style.css HTTP/1.1[0m" 304 -
INFO:werkzeug:127.0.0.1 - - [23/Jul/2022 10:37:18] "POST /post HTTP/1.1" 200 -
INFO:werkzeug: * Running on http://127.0.0.1:5000 (Press CTRL+C to quit)
INFO:werkzeug:127.0.0.1 - - [23/Jul/2022 10:39:32] "POST /post HTTP/1.1" 200 -
INFO:werkzeug:127.0.0.1 - - [23/Jul/2022 10:39:37] "POST /post HTTP/1.1" 200 -
INFO:werkzeug: * Running on http://127.0.0.1:5000 (Press CTRL+C to quit)
INFO:werkzeug:127.0.0.1 - - [23/Jul/2022 10:41:50] "POST /post HTTP/1.1" 200 -
INFO:werkzeug:127.0.0.1 - - [23/Jul/2022 10:41:56] "POST /post HTTP/1.1" 200 -
INFO:werkzeug:127.0.0.1 - - [23/Jul/2022 10:42:53] "GET / HTTP/1.1" 200 -
INFO:werkzeug:127.0.0.1 - - [23/Jul/2022 10:42:53] "[36mGET /static/style.css HTTP/1.1[0m" 304 -
INFO:root:–í—ã–ø–æ–ª–Ω—è—é –ø–æ–∏—Å–∫ 
INFO:werkzeug:127.0.0.1 - - [23/Jul/2022 10:42:54] "GET /search?s= HTTP/1.1" 200 -
INFO:werkzeug:127.0.0.1 - - [23/Jul/2022 10:42:54] "[36mGET /static/style.css HTTP/1.1[0m" 304 -
INFO:werkzeug:127.0.0.1 - - [23/Jul/2022 10:42:54] "[36mGET /uploads/images/–ë–µ–∑—ã–º—è–Ω–Ω—ã–π.png HTTP/1.1[0m" 304 -
INFO:werkzeug:127.0.0.1 - - [23/Jul/2022 10:42:54] "[36mGET /uploads/images/image_2022-06-14_18-03-21.png HTTP/1.1[0m" 304 -
INFO:werkzeug:127.0.0.1 - - [23/Jul/2022 10:42:54] "[36mGET /uploads/images/ff6075b372d0cd2b92acaea88b60ae11.jpg HTTP/1.1[0m" 304 -
INFO:werkzeug:127.0.0.1 - - [23/Jul/2022 10:42:56] "GET / HTTP/1.1" 200 -
INFO:werkzeug:127.0.0.1 - - [23/Jul/2022 10:42:56] "[36mGET /static/style.css HTTP/1.1[0m" 304 -
INFO:werkzeug:127.0.0.1 - - [23/Jul/2022 10:42:57] "GET /post HTTP/1.1" 200 -
INFO:werkzeug:127.0.0.1 - - [23/Jul/2022 10:42:57] "[36mGET /static/style.css HTTP/1.1[0m" 304 -
INFO:werkzeug:127.0.0.1 - - [23/Jul/2022 10:43:03] "POST /post HTTP/1.1" 200 -
INFO:werkzeug: * Running on http://127.0.0.1:5000 (Press CTRL+C to quit)
INFO:werkzeug:127.0.0.1 - - [23/Jul/2022 10:49:57] "GET /post HTTP/1.1" 200 -
INFO:werkzeug:127.0.0.1 - - [23/Jul/2022 10:49:57] "[36mGET /static/style.css HTTP/1.1[0m" 304 -
INFO:werkzeug:127.0.0.1 - - [23/Jul/2022 10:49:58] "GET / HTTP/1.1" 200 -
INFO:werkzeug:127.0.0.1 - - [23/Jul/2022 10:49:58] "[36mGET /static/style.css HTTP/1.1[0m" 304 -
INFO:root:–í—ã–ø–æ–ª–Ω—è—é –ø–æ–∏—Å–∫ 
INFO:werkzeug:127.0.0.1 - - [23/Jul/2022 10:49:59] "GET /search?s= HTTP/1.1" 200 -
INFO:werkzeug:127.0.0.1 - - [23/Jul/2022 10:49:59] "[36mGET /static/style.css HTTP/1.1[0m" 304 -
INFO:werkzeug:127.0.0.1 - - [23/Jul/2022 10:49:59] "[36mGET /uploads/images/–ë–µ–∑—ã–º—è–Ω–Ω—ã–π.png HTTP/1.1[0m" 304 -
INFO:werkzeug:127.0.0.1 - - [23/Jul/2022 10:49:59] "[36mGET /uploads/images/ff6075b372d0cd2b92acaea88b60ae11.jpg HTTP/1.1[0m" 304 -
INFO:werkzeug:127.0.0.1 - - [23/Jul/2022 10:49:59] "[36mGET /uploads/images/image_2022-06-14_18-03-21.png HTTP/1.1[0m" 304 -
INFO:werkzeug:127.0.0.1 - - [23/Jul/2022 10:50:02] "GET / HTTP/1.1" 200 -
INFO:werkzeug:127.0.0.1 - - [23/Jul/2022 10:50:02] "[36mGET /static/style.css HTTP/1.1[0m" 304 -
INFO:werkzeug:127.0.0.1 - - [23/Jul/2022 10:50:03] "GET /post HTTP/1.1" 200 -
INFO:werkzeug:127.0.0.1 - - [23/Jul/2022 10:50:03] "[36mGET /static/style.css HTTP/1.1[0m" 304 -
INFO:werkzeug:127.0.0.1 - - [23/Jul/2022 10:50:09] "POST /post HTTP/1.1" 200 -
INFO:werkzeug:127.0.0.1 - - [23/Jul/2022 10:50:17] "GET / HTTP/1.1" 200 -
INFO:werkzeug:127.0.0.1 - - [23/Jul/2022 10:50:17] "[36mGET /static/style.css HTTP/1.1[0m" 304 -
INFO:werkzeug:127.0.0.1 - - [23/Jul/2022 10:51:52] "GET / HTTP/1.1" 200 -
INFO:werkzeug:127.0.0.1 - - [23/Jul/2022 10:51:52] "[36mGET /static/style.css HTTP/1.1[0m" 304 -
INFO:root:–í—ã–ø–æ–ª–Ω—è—é –ø–æ–∏—Å–∫ 
INFO:werkzeug:127.0.0.1 - - [23/Jul/2022 10:51:53] "GET /search?s= HTTP/1.1" 200 -
INFO:werkzeug:127.0.0.1 - - [23/Jul/2022 10:51:54] "[36mGET /static/style.css HTTP/1.1[0m" 304 -
INFO:werkzeug:127.0.0.1 - - [23/Jul/2022 10:51:54] "[36mGET /uploads/images/image_2022-06-14_18-03-21.png HTTP/1.1[0m" 304 -
INFO:werkzeug:127.0.0.1 - - [23/Jul/2022 10:51:54] "[36mGET /uploads/images/–ë–µ–∑—ã–º—è–Ω–Ω—ã–π.png HTTP/1.1[0m" 304 -
INFO:werkzeug:127.0.0.1 - - [23/Jul/2022 10:51:54] "[36mGET /uploads/images/ff6075b372d0cd2b92acaea88b60ae11.jpg HTTP/1.1[0m" 304 -
INFO:werkzeug:127.0.0.1 - - [23/Jul/2022 10:51:55] "GET / HTTP/1.1" 200 -
INFO:werkzeug:127.0.0.1 - - [23/Jul/2022 10:51:55] "[36mGET /static/style.css HTTP/1.1[0m" 304 -
INFO:werkzeug:127.0.0.1 - - [23/Jul/2022 10:51:55] "GET /post HTTP/1.1" 200 -
INFO:werkzeug:127.0.0.1 - - [23/Jul/2022 10:51:55] "[36mGET /static/style.css HTTP/1.1[0m" 304 -
INFO:werkzeug:127.0.0.1 - - [23/Jul/2022 10:52:00] "POST /post HTTP/1.1" 200 -
INFO:werkzeug:127.0.0.1 - - [23/Jul/2022 10:52:05] "GET / HTTP/1.1" 200 -
INFO:werkzeug:127.0.0.1 - - [23/Jul/2022 10:52:05] "[36mGET /static/style.css HTTP/1.1[0m" 304 -
INFO:werkzeug: * Running on http://127.0.0.1:5000 (Press CTRL+C to quit)
INFO:root:–í—ã–ø–æ–ª–Ω—è—é –ø–æ–∏—Å–∫ 
INFO:werkzeug:127.0.0.1 - - [23/Jul/2022 10:53:01] "GET /search?s= HTTP/1.1" 200 -
INFO:werkzeug:127.0.0.1 - - [23/Jul/2022 10:53:01] "[36mGET /static/style.css HTTP/1.1[0m" 304 -
INFO:werkzeug:127.0.0.1 - - [23/Jul/2022 10:53:01] "[36mGET /uploads/images/–ë–µ–∑—ã–º—è–Ω–Ω—ã–π.png HTTP/1.1[0m" 304 -
INFO:werkzeug:127.0.0.1 - - [23/Jul/2022 10:53:01] "[36mGET /uploads/images/image_2022-06-14_18-03-21.png HTTP/1.1[0m" 304 -
INFO:werkzeug:127.0.0.1 - - [23/Jul/2022 10:53:01] "[36mGET /uploads/images/ff6075b372d0cd2b92acaea88b60ae11.jpg HTTP/1.1[0m" 304 -
INFO:werkzeug:127.0.0.1 - - [23/Jul/2022 10:53:01] "GET / HTTP/1.1" 200 -
INFO:werkzeug:127.0.0.1 - - [23/Jul/2022 10:53:02] "[36mGET /static/style.css HTTP/1.1[0m" 304 -
INFO:werkzeug:127.0.0.1 - - [23/Jul/2022 10:53:02] "GET /post HTTP/1.1" 200 -
INFO:werkzeug:127.0.0.1 - - [23/Jul/2022 10:53:02] "[36mGET /static/style.css HTTP/1.1[0m" 304 -
INFO:werkzeug:127.0.0.1 - - [23/Jul/2022 10:53:06] "POST /post HTTP/1.1" 200 -
INFO:werkzeug: * Running on http://127.0.0.1:5000 (Press CTRL+C to quit)
ERROR:root:–§–∞–π–ª –Ω–µ –Ω–∞–π–¥–µ–Ω
INFO:werkzeug:127.0.0.1 - - [23/Jul/2022 10:54:06] "POST /post HTTP/1.1" 200 -
ERROR:root:–§–∞–π–ª –Ω–µ –Ω–∞–π–¥–µ–Ω
INFO:werkzeug:127.0.0.1 - - [23/Jul/2022 10:54:10] "POST /post HTTP/1.1" 200 -
ERROR:root:–§–∞–π–ª –Ω–µ –Ω–∞–π–¥–µ–Ω
INFO:werkzeug:127.0.0.1 - - [23/Jul/2022 10:54:15] "POST /post HTTP/1.1" 200 -
INFO:werkzeug: * Running on http://127.0.0.1:5000 (Press CTRL+C to quit)
INFO:werkzeug:127.0.0.1 - - [23/Jul/2022 10:55:24] "GET / HTTP/1.1" 200 -
INFO:werkzeug:127.0.0.1 - - [23/Jul/2022 10:55:24] "[36mGET /static/style.css HTTP/1.1[0m" 304 -
INFO:werkzeug:127.0.0.1 - - [23/Jul/2022 10:55:25] "GET /post HTTP/1.1" 200 -
INFO:werkzeug:127.0.0.1 - - [23/Jul/2022 10:55:25] "[36mGET /static/style.css HTTP/1.1[0m" 304 -
ERROR:root:–§–∞–π–ª –Ω–µ –Ω–∞–π–¥–µ–Ω
INFO:werkzeug:127.0.0.1 - - [23/Jul/2022 10:55:29] "POST /post HTTP/1.1" 200 -
INFO:werkzeug: * Running on http://127.0.0.1:5000 (Press CTRL+C to quit)
ERROR:root:–§–∞–π–ª –Ω–µ –Ω–∞–π–¥–µ–Ω
ERROR:app:Exception on /post [POST]
Traceback (most recent call last):
  File "/Users/alexeygalt/Desktop/lesson12_project_source_v3/new/loader/view.py", line 27, in add_post_page
    path = upload_picture(picture)
  File "/Users/alexeygalt/Desktop/lesson12_project_source_v3/new/functions.py", line 33, in upload_picture
    picture.save(path)
  File "/Users/alexeygalt/PycharmProjects/pythonProject11/venv/lib/python3.8/site-packages/werkzeug/datastructures.py", line 2999, in save
    dst = open(dst, "wb")
FileNotFoundError: [Errno 2] No such file or directory: './images/–ë–µ–∑—ã–º—è–Ω–Ω—ã–π.png'

During handling of the above exception, another exception occurred:

Traceback (most recent call last):
  File "/Users/alexeygalt/PycharmProjects/pythonProject11/venv/lib/python3.8/site-packages/flask/app.py", line 2073, in wsgi_app
    response = self.full_dispatch_request()
  File "/Users/alexeygalt/PycharmProjects/pythonProject11/venv/lib/python3.8/site-packages/flask/app.py", line 1519, in full_dispatch_request
    rv = self.handle_user_exception(e)
  File "/Users/alexeygalt/PycharmProjects/pythonProject11/venv/lib/python3.8/site-packages/flask/app.py", line 1517, in full_dispatch_request
    rv = self.dispatch_request()
  File "/Users/alexeygalt/PycharmProjects/pythonProject11/venv/lib/python3.8/site-packages/flask/app.py", line 1503, in dispatch_request
    return self.ensure_sync(self.view_functions[rule.endpoint])(**req.view_args)
  File "/Users/alexeygalt/Desktop/lesson12_project_source_v3/new/loader/view.py", line 30, in add_post_page
    print(path)
UnboundLocalError: local variable 'path' referenced before assignment
INFO:werkzeug:127.0.0.1 - - [23/Jul/2022 10:55:55] "[35m[1mPOST /post HTTP/1.1[0m" 500 -
INFO:werkzeug:127.0.0.1 - - [23/Jul/2022 10:56:01] "GET / HTTP/1.1" 200 -
INFO:werkzeug:127.0.0.1 - - [23/Jul/2022 10:56:01] "[36mGET /static/style.css HTTP/1.1[0m" 304 -
INFO:werkzeug:127.0.0.1 - - [23/Jul/2022 10:56:02] "GET /post HTTP/1.1" 200 -
INFO:werkzeug:127.0.0.1 - - [23/Jul/2022 10:56:02] "[36mGET /static/style.css HTTP/1.1[0m" 304 -
ERROR:root:–§–∞–π–ª –Ω–µ –Ω–∞–π–¥–µ–Ω
ERROR:app:Exception on /post [POST]
Traceback (most recent call last):
  File "/Users/alexeygalt/Desktop/lesson12_project_source_v3/new/loader/view.py", line 27, in add_post_page
    path = upload_picture(picture)
  File "/Users/alexeygalt/Desktop/lesson12_project_source_v3/new/functions.py", line 33, in upload_picture
    picture.save(path)
  File "/Users/alexeygalt/PycharmProjects/pythonProject11/venv/lib/python3.8/site-packages/werkzeug/datastructures.py", line 2999, in save
    dst = open(dst, "wb")
FileNotFoundError: [Errno 2] No such file or directory: './images/–ë–µ–∑—ã–º—è–Ω–Ω—ã–π.png'

During handling of the above exception, another exception occurred:

Traceback (most recent call last):
  File "/Users/alexeygalt/PycharmProjects/pythonProject11/venv/lib/python3.8/site-packages/flask/app.py", line 2073, in wsgi_app
    response = self.full_dispatch_request()
  File "/Users/alexeygalt/PycharmProjects/pythonProject11/venv/lib/python3.8/site-packages/flask/app.py", line 1519, in full_dispatch_request
    rv = self.handle_user_exception(e)
  File "/Users/alexeygalt/PycharmProjects/pythonProject11/venv/lib/python3.8/site-packages/flask/app.py", line 1517, in full_dispatch_request
    rv = self.dispatch_request()
  File "/Users/alexeygalt/PycharmProjects/pythonProject11/venv/lib/python3.8/site-packages/flask/app.py", line 1503, in dispatch_request
    return self.ensure_sync(self.view_functions[rule.endpoint])(**req.view_args)
  File "/Users/alexeygalt/Desktop/lesson12_project_source_v3/new/loader/view.py", line 30, in add_post_page
    print(path)
UnboundLocalError: local variable 'path' referenced before assignment
INFO:werkzeug:127.0.0.1 - - [23/Jul/2022 10:56:06] "[35m[1mPOST /post HTTP/1.1[0m" 500 -
INFO:werkzeug: * Running on http://127.0.0.1:5000 (Press CTRL+C to quit)
ERROR:root:–§–∞–π–ª –Ω–µ –Ω–∞–π–¥–µ–Ω
INFO:werkzeug:127.0.0.1 - - [23/Jul/2022 10:57:27] "POST /post HTTP/1.1" 200 -
ERROR:root:–§–∞–π–ª –Ω–µ –Ω–∞–π–¥–µ–Ω
INFO:werkzeug:127.0.0.1 - - [23/Jul/2022 10:57:33] "POST /post HTTP/1.1" 200 -
INFO:werkzeug: * Running on http://127.0.0.1:5000 (Press CTRL+C to quit)
INFO:werkzeug:127.0.0.1 - - [23/Jul/2022 10:58:01] "POST /post HTTP/1.1" 200 -
INFO:werkzeug:127.0.0.1 - - [23/Jul/2022 10:58:01] "[36mGET /static/style.css HTTP/1.1[0m" 304 -
INFO:werkzeug:127.0.0.1 - - [23/Jul/2022 10:58:01] "GET /uploads/images/–ë–µ–∑—ã–º—è–Ω–Ω—ã–π.png HTTP/1.1" 200 -
INFO:werkzeug:127.0.0.1 - - [23/Jul/2022 10:58:03] "GET / HTTP/1.1" 200 -
INFO:werkzeug:127.0.0.1 - - [23/Jul/2022 10:58:03] "[36mGET /static/style.css HTTP/1.1[0m" 304 -
INFO:root:–í—ã–ø–æ–ª–Ω—è—é –ø–æ–∏—Å–∫asd 
INFO:werkzeug:127.0.0.1 - - [23/Jul/2022 10:58:05] "GET /search?s=asd HTTP/1.1" 200 -
INFO:werkzeug:127.0.0.1 - - [23/Jul/2022 10:58:05] "[36mGET /static/style.css HTTP/1.1[0m" 304 -
INFO:werkzeug:127.0.0.1 - - [23/Jul/2022 10:58:05] "[36mGET /uploads/images/–ë–µ–∑—ã–º—è–Ω–Ω—ã–π.png HTTP/1.1[0m" 304 -
INFO:werkzeug: * Running on http://127.0.0.1:5000 (Press CTRL+C to quit)
INFO:werkzeug:127.0.0.1 - - [23/Jul/2022 10:58:52] "GET / HTTP/1.1" 200 -
INFO:werkzeug:127.0.0.1 - - [23/Jul/2022 10:58:52] "[36mGET /static/style.css HTTP/1.1[0m" 304 -
INFO:root:–í—ã–ø–æ–ª–Ω—è—é –ø–æ–∏—Å–∫ 
INFO:werkzeug:127.0.0.1 - - [23/Jul/2022 10:58:53] "GET /search?s= HTTP/1.1" 200 -
INFO:werkzeug:127.0.0.1 - - [23/Jul/2022 10:58:53] "[36mGET /static/style.css HTTP/1.1[0m" 304 -
INFO:werkzeug:127.0.0.1 - - [23/Jul/2022 10:58:53] "[33mGET /uploads/images/–ë–µ–∑—ã–º—è–Ω–Ω—ã–π.png HTTP/1.1[0m" 404 -
INFO:werkzeug:127.0.0.1 - - [23/Jul/2022 10:58:53] "[33mGET /uploads/images/image_2022-06-14_18-03-21.png HTTP/1.1[0m" 404 -
INFO:werkzeug:127.0.0.1 - - [23/Jul/2022 10:58:53] "[33mGET /uploads/images/ff6075b372d0cd2b92acaea88b60ae11.jpg HTTP/1.1[0m" 404 -
INFO:werkzeug:127.0.0.1 - - [23/Jul/2022 10:58:59] "GET / HTTP/1.1" 200 -
INFO:werkzeug:127.0.0.1 - - [23/Jul/2022 10:58:59] "[36mGET /static/style.css HTTP/1.1[0m" 304 -
INFO:werkzeug:127.0.0.1 - - [23/Jul/2022 10:59:00] "GET /post HTTP/1.1" 200 -
INFO:werkzeug:127.0.0.1 - - [23/Jul/2022 10:59:00] "[36mGET /static/style.css HTTP/1.1[0m" 304 -
INFO:werkzeug:127.0.0.1 - - [23/Jul/2022 10:59:04] "POST /post HTTP/1.1" 200 -
INFO:werkzeug:127.0.0.1 - - [23/Jul/2022 10:59:04] "[36mGET /static/style.css HTTP/1.1[0m" 304 -
INFO:werkzeug:127.0.0.1 - - [23/Jul/2022 10:59:04] "GET /uploads/images/–ë–µ–∑—ã–º—è–Ω–Ω—ã–π.png HTTP/1.1" 200 -
INFO:werkzeug:127.0.0.1 - - [23/Jul/2022 10:59:05] "GET / HTTP/1.1" 200 -
INFO:werkzeug:127.0.0.1 - - [23/Jul/2022 10:59:05] "[36mGET /static/style.css HTTP/1.1[0m" 304 -
INFO:root:–í—ã–ø–æ–ª–Ω—è—é –ø–æ–∏—Å–∫asd 
INFO:werkzeug:127.0.0.1 - - [23/Jul/2022 10:59:07] "GET /search?s=asd HTTP/1.1" 200 -
INFO:werkzeug:127.0.0.1 - - [23/Jul/2022 10:59:07] "[36mGET /static/style.css HTTP/1.1[0m" 304 -
INFO:werkzeug:127.0.0.1 - - [23/Jul/2022 10:59:07] "[36mGET /uploads/images/–ë–µ–∑—ã–º—è–Ω–Ω—ã–π.png HTTP/1.1[0m" 304 -
INFO:werkzeug: * Running on http://127.0.0.1:5000 (Press CTRL+C to quit)
INFO:werkzeug:127.0.0.1 - - [23/Jul/2022 11:01:05] "GET / HTTP/1.1" 200 -
INFO:werkzeug:127.0.0.1 - - [23/Jul/2022 11:01:05] "[36mGET /static/style.css HTTP/1.1[0m" 304 -
INFO:root:–í—ã–ø–æ–ª–Ω—è—é –ø–æ–∏—Å–∫asdasdfas 
INFO:werkzeug:127.0.0.1 - - [23/Jul/2022 11:01:07] "GET /search?s=asdasdfas HTTP/1.1" 200 -
INFO:werkzeug:127.0.0.1 - - [23/Jul/2022 11:01:07] "[36mGET /static/style.css HTTP/1.1[0m" 304 -
INFO:werkzeug:127.0.0.1 - - [23/Jul/2022 11:01:09] "GET / HTTP/1.1" 200 -
INFO:werkzeug:127.0.0.1 - - [23/Jul/2022 11:01:09] "[36mGET /static/style.css HTTP/1.1[0m" 304 -
INFO:root:–í—ã–ø–æ–ª–Ω—è—é –ø–æ–∏—Å–∫asd 
INFO:werkzeug:127.0.0.1 - - [23/Jul/2022 11:01:11] "GET /search?s=asd HTTP/1.1" 200 -
INFO:werkzeug:127.0.0.1 - - [23/Jul/2022 11:01:11] "[33mGET /uploads/images/–ë–µ–∑—ã–º—è–Ω–Ω—ã–π.png HTTP/1.1[0m" 404 -
INFO:werkzeug:127.0.0.1 - - [23/Jul/2022 11:01:11] "[36mGET /static/style.css HTTP/1.1[0m" 304 -
INFO:werkzeug:127.0.0.1 - - [23/Jul/2022 11:01:13] "GET / HTTP/1.1" 200 -
INFO:werkzeug:127.0.0.1 - - [23/Jul/2022 11:01:13] "[36mGET /static/style.css HTTP/1.1[0m" 304 -
INFO:werkzeug: * Running on http://127.0.0.1:5000 (Press CTRL+C to quit)
INFO:werkzeug: * Running on http://127.0.0.1:5000 (Press CTRL+C to quit)
INFO:werkzeug:127.0.0.1 - - [23/Jul/2022 11:03:43] "GET / HTTP/1.1" 200 -
INFO:werkzeug:127.0.0.1 - - [23/Jul/2022 11:03:43] "[36mGET /static/style.css HTTP/1.1[0m" 304 -
INFO:werkzeug:127.0.0.1 - - [23/Jul/2022 11:03:45] "GET /post HTTP/1.1" 200 -
INFO:werkzeug:127.0.0.1 - - [23/Jul/2022 11:03:45] "[36mGET /static/style.css HTTP/1.1[0m" 304 -
INFO:werkzeug:127.0.0.1 - - [23/Jul/2022 11:03:46] "GET / HTTP/1.1" 200 -
INFO:werkzeug:127.0.0.1 - - [23/Jul/2022 11:03:46] "[36mGET /static/style.css HTTP/1.1[0m" 304 -
INFO:werkzeug: * Running on http://127.0.0.1:5000 (Press CTRL+C to quit)
INFO:werkzeug:127.0.0.1 - - [23/Jul/2022 11:24:31] "GET / HTTP/1.1" 200 -
INFO:werkzeug:127.0.0.1 - - [23/Jul/2022 11:24:31] "[36mGET /static/style.css HTTP/1.1[0m" 304 -
INFO:root:–í—ã–ø–æ–ª–Ω—è—é –ø–æ–∏—Å–∫ 
INFO:werkzeug:127.0.0.1 - - [23/Jul/2022 11:24:32] "GET /search?s= HTTP/1.1" 200 -
INFO:werkzeug:127.0.0.1 - - [23/Jul/2022 11:24:32] "[36mGET /static/style.css HTTP/1.1[0m" 304 -
INFO:werkzeug:127.0.0.1 - - [23/Jul/2022 11:24:32] "[33mGET /uploads/images/–ë–µ–∑—ã–º—è–Ω–Ω—ã–π.png HTTP/1.1[0m" 404 -
INFO:werkzeug:127.0.0.1 - - [23/Jul/2022 11:24:32] "[33mGET /uploads/images/image_2022-06-14_18-03-21.png HTTP/1.1[0m" 404 -
INFO:werkzeug:127.0.0.1 - - [23/Jul/2022 11:24:32] "[33mGET /uploads/images/ff6075b372d0cd2b92acaea88b60ae11.jpg HTTP/1.1[0m" 404 -
